{"/home/ernesto/Documentos/usePosition/src/useposition.tsx": {"path":"/home/ernesto/Documentos/usePosition/src/useposition.tsx","statementMap":{"0":{"start":{"line":5,"column":0},"end":{"line":5,"column":42}},"1":{"start":{"line":44,"column":13},"end":{"line":44,"column":59}},"2":{"start":{"line":45,"column":13},"end":{"line":45,"column":23}},"3":{"start":{"line":46,"column":2},"end":{"line":46,"column":52}},"4":{"start":{"line":49,"column":36},"end":{"line":49,"column":38}},"5":{"start":{"line":51,"column":15},"end":{"line":51,"column":32}},"6":{"start":{"line":52,"column":16},"end":{"line":52,"column":34}},"7":{"start":{"line":53,"column":18},"end":{"line":53,"column":19}},"8":{"start":{"line":55,"column":14},"end":{"line":111,"column":1}},"9":{"start":{"line":56,"column":2},"end":{"line":59,"column":null}},"10":{"start":{"line":57,"column":4},"end":{"line":57,"column":40}},"11":{"start":{"line":58,"column":4},"end":{"line":58,"column":11}},"12":{"start":{"line":60,"column":2},"end":{"line":60,"column":21}},"13":{"start":{"line":61,"column":28},"end":{"line":61,"column":45}},"14":{"start":{"line":62,"column":29},"end":{"line":62,"column":47}},"15":{"start":{"line":64,"column":4},"end":{"line":64,"column":70}},"16":{"start":{"line":66,"column":2},"end":{"line":105,"column":5}},"17":{"start":{"line":67,"column":4},"end":{"line":67,"column":32}},"18":{"start":{"line":67,"column":25},"end":{"line":67,"column":32}},"19":{"start":{"line":68,"column":17},"end":{"line":68,"column":46}},"20":{"start":{"line":69,"column":4},"end":{"line":72,"column":null}},"21":{"start":{"line":70,"column":6},"end":{"line":70,"column":23}},"22":{"start":{"line":71,"column":6},"end":{"line":71,"column":13}},"23":{"start":{"line":74,"column":26},"end":{"line":74,"column":30}},"24":{"start":{"line":75,"column":21},"end":{"line":75,"column":69}},"25":{"start":{"line":76,"column":24},"end":{"line":76,"column":48}},"26":{"start":{"line":78,"column":6},"end":{"line":78,"column":50}},"27":{"start":{"line":81,"column":6},"end":{"line":84,"column":49}},"28":{"start":{"line":85,"column":29},"end":{"line":85,"column":54}},"29":{"start":{"line":86,"column":30},"end":{"line":91,"column":6}},"30":{"start":{"line":92,"column":4},"end":{"line":102,"column":null}},"31":{"start":{"line":93,"column":6},"end":{"line":96,"column":null}},"32":{"start":{"line":94,"column":8},"end":{"line":94,"column":38}},"33":{"start":{"line":95,"column":8},"end":{"line":95,"column":15}},"34":{"start":{"line":97,"column":6},"end":{"line":100,"column":null}},"35":{"start":{"line":98,"column":8},"end":{"line":98,"column":29}},"36":{"start":{"line":99,"column":8},"end":{"line":99,"column":38}},"37":{"start":{"line":101,"column":6},"end":{"line":101,"column":13}},"38":{"start":{"line":103,"column":4},"end":{"line":103,"column":21}},"39":{"start":{"line":104,"column":4},"end":{"line":104,"column":34}},"40":{"start":{"line":106,"column":2},"end":{"line":109,"column":null}},"41":{"start":{"line":107,"column":4},"end":{"line":107,"column":33}},"42":{"start":{"line":108,"column":4},"end":{"line":108,"column":35}},"43":{"start":{"line":110,"column":2},"end":{"line":110,"column":38}},"44":{"start":{"line":113,"column":0},"end":{"line":116,"column":3}},"45":{"start":{"line":114,"column":2},"end":{"line":114,"column":21}},"46":{"start":{"line":115,"column":2},"end":{"line":115,"column":14}},"47":{"start":{"line":118,"column":22},"end":{"line":118,"column":44}},"48":{"start":{"line":134,"column":20},"end":{"line":134,"column":53}},"49":{"start":{"line":136,"column":2},"end":{"line":150,"column":9}},"50":{"start":{"line":137,"column":18},"end":{"line":137,"column":30}},"51":{"start":{"line":138,"column":19},"end":{"line":142,"column":6}},"52":{"start":{"line":143,"column":4},"end":{"line":143,"column":31}},"53":{"start":{"line":144,"column":4},"end":{"line":144,"column":25}},"54":{"start":{"line":145,"column":4},"end":{"line":149,"column":6}},"55":{"start":{"line":146,"column":20},"end":{"line":146,"column":43}},"56":{"start":{"line":147,"column":6},"end":{"line":147,"column":50}},"57":{"start":{"line":148,"column":6},"end":{"line":148,"column":36}},"58":{"start":{"line":152,"column":2},"end":{"line":159,"column":24}},"59":{"start":{"line":153,"column":4},"end":{"line":158,"column":null}},"60":{"start":{"line":154,"column":18},"end":{"line":154,"column":35}},"61":{"start":{"line":155,"column":6},"end":{"line":155,"column":18}},"62":{"start":{"line":156,"column":6},"end":{"line":156,"column":41}},"63":{"start":{"line":157,"column":6},"end":{"line":157,"column":43}},"64":{"start":{"line":161,"column":2},"end":{"line":166,"column":17}},"65":{"start":{"line":162,"column":4},"end":{"line":165,"column":null}},"66":{"start":{"line":163,"column":18},"end":{"line":163,"column":35}},"67":{"start":{"line":164,"column":6},"end":{"line":164,"column":28}},"68":{"start":{"line":128,"column":0},"end":{"line":128,"column":16}}},"fnMap":{"0":{"name":"generateID","decl":{"start":{"line":43,"column":9},"end":{"line":43,"column":19}},"loc":{"start":{"line":43,"column":19},"end":{"line":47,"column":1}}},"1":{"name":"(anonymous_1)","decl":{"start":{"line":55,"column":14},"end":{"line":55,"column":15}},"loc":{"start":{"line":55,"column":44},"end":{"line":111,"column":1}}},"2":{"name":"(anonymous_2)","decl":{"start":{"line":66,"column":18},"end":{"line":66,"column":19}},"loc":{"start":{"line":66,"column":24},"end":{"line":105,"column":3}}},"3":{"name":"between","decl":{"start":{"line":77,"column":13},"end":{"line":77,"column":20}},"loc":{"start":{"line":77,"column":61},"end":{"line":79,"column":5}}},"4":{"name":"(anonymous_4)","decl":{"start":{"line":113,"column":29},"end":{"line":113,"column":30}},"loc":{"start":{"line":113,"column":38},"end":{"line":116,"column":1}}},"5":{"name":"usePosition","decl":{"start":{"line":128,"column":16},"end":{"line":128,"column":27}},"loc":{"start":{"line":132,"column":18},"end":{"line":167,"column":1}}},"6":{"name":"(anonymous_6)","decl":{"start":{"line":136,"column":12},"end":{"line":136,"column":15}},"loc":{"start":{"line":136,"column":17},"end":{"line":150,"column":3}}},"7":{"name":"(anonymous_7)","decl":{"start":{"line":145,"column":11},"end":{"line":145,"column":14}},"loc":{"start":{"line":145,"column":16},"end":{"line":149,"column":5}}},"8":{"name":"(anonymous_8)","decl":{"start":{"line":152,"column":12},"end":{"line":152,"column":15}},"loc":{"start":{"line":152,"column":17},"end":{"line":159,"column":3}}},"9":{"name":"(anonymous_9)","decl":{"start":{"line":161,"column":12},"end":{"line":161,"column":15}},"loc":{"start":{"line":161,"column":17},"end":{"line":166,"column":3}}}},"branchMap":{"0":{"loc":{"start":{"line":56,"column":2},"end":{"line":59,"column":null}},"type":"if","locations":[{"start":{"line":56,"column":2},"end":{"line":59,"column":null}}]},"1":{"loc":{"start":{"line":64,"column":4},"end":{"line":64,"column":70}},"type":"binary-expr","locations":[{"start":{"line":64,"column":4},"end":{"line":64,"column":34}},{"start":{"line":64,"column":38},"end":{"line":64,"column":70}}]},"2":{"loc":{"start":{"line":67,"column":4},"end":{"line":67,"column":32}},"type":"if","locations":[{"start":{"line":67,"column":4},"end":{"line":67,"column":32}}]},"3":{"loc":{"start":{"line":67,"column":8},"end":{"line":67,"column":23}},"type":"binary-expr","locations":[{"start":{"line":67,"column":8},"end":{"line":67,"column":14}},{"start":{"line":67,"column":18},"end":{"line":67,"column":23}}]},"4":{"loc":{"start":{"line":69,"column":4},"end":{"line":72,"column":null}},"type":"if","locations":[{"start":{"line":69,"column":4},"end":{"line":72,"column":null}}]},"5":{"loc":{"start":{"line":75,"column":21},"end":{"line":75,"column":69}},"type":"binary-expr","locations":[{"start":{"line":75,"column":21},"end":{"line":75,"column":42}},{"start":{"line":75,"column":46},"end":{"line":75,"column":69}}]},"6":{"loc":{"start":{"line":92,"column":4},"end":{"line":102,"column":null}},"type":"if","locations":[{"start":{"line":92,"column":4},"end":{"line":102,"column":null}}]},"7":{"loc":{"start":{"line":93,"column":6},"end":{"line":96,"column":null}},"type":"if","locations":[{"start":{"line":93,"column":6},"end":{"line":96,"column":null}}]},"8":{"loc":{"start":{"line":93,"column":10},"end":{"line":93,"column":47}},"type":"binary-expr","locations":[{"start":{"line":93,"column":10},"end":{"line":93,"column":31}},{"start":{"line":93,"column":35},"end":{"line":93,"column":47}}]},"9":{"loc":{"start":{"line":97,"column":6},"end":{"line":100,"column":null}},"type":"if","locations":[{"start":{"line":97,"column":6},"end":{"line":100,"column":null}}]},"10":{"loc":{"start":{"line":106,"column":2},"end":{"line":109,"column":null}},"type":"if","locations":[{"start":{"line":106,"column":2},"end":{"line":109,"column":null}}]},"11":{"loc":{"start":{"line":140,"column":11},"end":{"line":140,"column":35}},"type":"binary-expr","locations":[{"start":{"line":140,"column":11},"end":{"line":140,"column":22}},{"start":{"line":140,"column":26},"end":{"line":140,"column":35}}]},"12":{"loc":{"start":{"line":147,"column":28},"end":{"line":147,"column":48}},"type":"cond-expr","locations":[{"start":{"line":147,"column":43},"end":{"line":147,"column":44}},{"start":{"line":147,"column":47},"end":{"line":147,"column":48}}]},"13":{"loc":{"start":{"line":153,"column":4},"end":{"line":158,"column":null}},"type":"if","locations":[{"start":{"line":153,"column":4},"end":{"line":158,"column":null}}]},"14":{"loc":{"start":{"line":156,"column":16},"end":{"line":156,"column":40}},"type":"binary-expr","locations":[{"start":{"line":156,"column":16},"end":{"line":156,"column":27}},{"start":{"line":156,"column":31},"end":{"line":156,"column":40}}]},"15":{"loc":{"start":{"line":157,"column":19},"end":{"line":157,"column":42}},"type":"binary-expr","locations":[{"start":{"line":157,"column":19},"end":{"line":157,"column":25}},{"start":{"line":157,"column":29},"end":{"line":157,"column":42}}]},"16":{"loc":{"start":{"line":162,"column":4},"end":{"line":165,"column":null}},"type":"if","locations":[{"start":{"line":162,"column":4},"end":{"line":165,"column":null}}]},"17":{"loc":{"start":{"line":166,"column":5},"end":{"line":166,"column":15}},"type":"binary-expr","locations":[{"start":{"line":166,"column":5},"end":{"line":166,"column":9}},{"start":{"line":166,"column":13},"end":{"line":166,"column":15}}]}},"s":{"0":1,"1":8,"2":8,"3":8,"4":1,"5":1,"6":1,"7":1,"8":1,"9":12,"10":1,"11":1,"12":11,"13":11,"14":11,"15":11,"16":11,"17":11,"18":0,"19":11,"20":11,"21":4,"22":4,"23":7,"24":7,"25":7,"26":28,"27":7,"28":7,"29":7,"30":7,"31":5,"32":1,"33":1,"34":4,"35":3,"36":3,"37":4,"38":2,"39":2,"40":11,"41":1,"42":1,"43":11,"44":1,"45":1,"46":1,"47":1,"48":8,"49":8,"50":8,"51":8,"52":8,"53":8,"54":8,"55":8,"56":8,"57":8,"58":8,"59":8,"60":8,"61":8,"62":8,"63":8,"64":8,"65":8,"66":8,"67":8,"68":1},"f":{"0":8,"1":12,"2":11,"3":28,"4":1,"5":8,"6":8,"7":8,"8":8,"9":8},"b":{"0":[1],"1":[11,11],"2":[0],"3":[11,11],"4":[4],"5":[7,6],"6":[5],"7":[1],"8":[5,5],"9":[3],"10":[1],"11":[8,0],"12":[0,8],"13":[8],"14":[8,0],"15":[8,8],"16":[8],"17":[8,0]}}
,"/home/ernesto/Documentos/usePosition/src/app/Component.tsx": {"path":"/home/ernesto/Documentos/usePosition/src/app/Component.tsx","statementMap":{"0":{"start":{"line":1,"column":0},"end":{"line":1,"column":26}},"1":{"start":{"line":2,"column":0},"end":{"line":2,"column":41}},"2":{"start":{"line":3,"column":0},"end":{"line":3,"column":45}},"3":{"start":{"line":4,"column":0},"end":{"line":4,"column":21}},"4":{"start":{"line":7,"column":14},"end":{"line":7,"column":42}},"5":{"start":{"line":8,"column":26},"end":{"line":8,"column":40}},"6":{"start":{"line":9,"column":30},"end":{"line":9,"column":41}},"7":{"start":{"line":11,"column":20},"end":{"line":11,"column":31}},"8":{"start":{"line":13,"column":2},"end":{"line":27,"column":4}},"9":{"start":{"line":16,"column":6},"end":{"line":18,"column":null}},"10":{"start":{"line":17,"column":8},"end":{"line":17,"column":47}},"11":{"start":{"line":19,"column":6},"end":{"line":23,"column":8}},"12":{"start":{"line":29,"column":2},"end":{"line":64,"column":4}},"13":{"start":{"line":36,"column":25},"end":{"line":36,"column":58}},"14":{"start":{"line":42,"column":10},"end":{"line":42,"column":34}},"15":{"start":{"line":42,"column":22},"end":{"line":42,"column":32}},"16":{"start":{"line":50,"column":10},"end":{"line":50,"column":29}},"17":{"start":{"line":50,"column":25},"end":{"line":50,"column":27}},"18":{"start":{"line":6,"column":0},"end":{"line":6,"column":24}}},"fnMap":{"0":{"name":"Component","decl":{"start":{"line":6,"column":24},"end":{"line":6,"column":33}},"loc":{"start":{"line":6,"column":33},"end":{"line":65,"column":1}}},"1":{"name":"(anonymous_2)","decl":{"start":{"line":15,"column":4},"end":{"line":15,"column":5}},"loc":{"start":{"line":15,"column":44},"end":{"line":24,"column":5}}},"2":{"name":"(anonymous_3)","decl":{"start":{"line":36,"column":18},"end":{"line":36,"column":19}},"loc":{"start":{"line":36,"column":25},"end":{"line":36,"column":58}}},"3":{"name":"(anonymous_4)","decl":{"start":{"line":41,"column":17},"end":{"line":41,"column":20}},"loc":{"start":{"line":41,"column":22},"end":{"line":43,"column":9}}},"4":{"name":"(anonymous_5)","decl":{"start":{"line":42,"column":15},"end":{"line":42,"column":16}},"loc":{"start":{"line":42,"column":22},"end":{"line":42,"column":32}}},"5":{"name":"(anonymous_6)","decl":{"start":{"line":49,"column":17},"end":{"line":49,"column":20}},"loc":{"start":{"line":49,"column":22},"end":{"line":51,"column":9}}},"6":{"name":"(anonymous_7)","decl":{"start":{"line":50,"column":18},"end":{"line":50,"column":19}},"loc":{"start":{"line":50,"column":25},"end":{"line":50,"column":27}}}},"branchMap":{"0":{"loc":{"start":{"line":16,"column":6},"end":{"line":18,"column":null}},"type":"if","locations":[{"start":{"line":16,"column":6},"end":{"line":18,"column":null}}]}},"s":{"0":1,"1":1,"2":1,"3":1,"4":8,"5":8,"6":8,"7":8,"8":8,"9":6,"10":1,"11":6,"12":8,"13":0,"14":0,"15":0,"16":0,"17":0,"18":1},"f":{"0":8,"1":6,"2":0,"3":0,"4":0,"5":0,"6":0},"b":{"0":[1]}}
,"/home/ernesto/Documentos/usePosition/src/app/style.css": {"path":"/home/ernesto/Documentos/usePosition/src/app/style.css","statementMap":{"0":{"start":{"line":1,"column":0},"end":{"line":1,"column":19}}},"fnMap":{},"branchMap":{},"s":{"0":1},"f":{},"b":{},"_coverageSchema":"1a1c01bbd47fc00a2c39e90264f33305004495a9","hash":"e31348089c21ee6d78e0c7c5390bf60b8d82d25d"}
}
