TN:
SF:src/useposition.tsx
FN:43,generateID
FN:55,(anonymous_1)
FN:66,(anonymous_2)
FN:77,between
FN:113,(anonymous_4)
FN:128,usePosition
FN:136,(anonymous_6)
FN:145,(anonymous_7)
FN:152,(anonymous_8)
FN:161,(anonymous_9)
FNF:10
FNH:10
FNDA:8,generateID
FNDA:12,(anonymous_1)
FNDA:11,(anonymous_2)
FNDA:28,between
FNDA:1,(anonymous_4)
FNDA:8,usePosition
FNDA:8,(anonymous_6)
FNDA:8,(anonymous_7)
FNDA:8,(anonymous_8)
FNDA:8,(anonymous_9)
DA:5,1
DA:44,8
DA:45,8
DA:46,8
DA:49,1
DA:51,1
DA:52,1
DA:53,1
DA:55,1
DA:56,12
DA:57,1
DA:58,1
DA:60,11
DA:61,11
DA:62,11
DA:64,11
DA:66,11
DA:67,11
DA:68,11
DA:69,11
DA:70,4
DA:71,4
DA:74,7
DA:75,7
DA:76,7
DA:78,28
DA:81,7
DA:85,7
DA:86,7
DA:92,7
DA:93,5
DA:94,1
DA:95,1
DA:97,4
DA:98,3
DA:99,3
DA:101,4
DA:103,2
DA:104,2
DA:106,11
DA:107,1
DA:108,1
DA:110,11
DA:113,1
DA:114,1
DA:115,1
DA:118,1
DA:128,1
DA:134,8
DA:136,8
DA:137,8
DA:138,8
DA:143,8
DA:144,8
DA:145,8
DA:146,8
DA:147,8
DA:148,8
DA:152,8
DA:153,8
DA:154,8
DA:155,8
DA:156,8
DA:157,8
DA:161,8
DA:162,8
DA:163,8
DA:164,8
LF:68
LH:68
BRDA:56,0,0,1
BRDA:64,1,0,11
BRDA:64,1,1,11
BRDA:67,2,0,0
BRDA:67,3,0,11
BRDA:67,3,1,11
BRDA:69,4,0,4
BRDA:75,5,0,7
BRDA:75,5,1,6
BRDA:92,6,0,5
BRDA:93,7,0,1
BRDA:93,8,0,5
BRDA:93,8,1,5
BRDA:97,9,0,3
BRDA:106,10,0,1
BRDA:140,11,0,8
BRDA:140,11,1,0
BRDA:147,12,0,0
BRDA:147,12,1,8
BRDA:153,13,0,8
BRDA:156,14,0,8
BRDA:156,14,1,0
BRDA:157,15,0,8
BRDA:157,15,1,8
BRDA:162,16,0,8
BRDA:166,17,0,8
BRDA:166,17,1,0
BRF:27
BRH:22
end_of_record
TN:
SF:src/app/Component.tsx
FN:6,Component
FN:15,(anonymous_2)
FN:36,(anonymous_3)
FN:41,(anonymous_4)
FN:42,(anonymous_5)
FN:49,(anonymous_6)
FN:50,(anonymous_7)
FNF:7
FNH:2
FNDA:8,Component
FNDA:6,(anonymous_2)
FNDA:0,(anonymous_3)
FNDA:0,(anonymous_4)
FNDA:0,(anonymous_5)
FNDA:0,(anonymous_6)
FNDA:0,(anonymous_7)
DA:1,1
DA:2,1
DA:3,1
DA:4,1
DA:6,1
DA:7,8
DA:8,8
DA:9,8
DA:11,8
DA:13,8
DA:16,6
DA:17,1
DA:19,6
DA:29,8
DA:36,0
DA:42,0
DA:50,0
LF:17
LH:14
BRDA:16,0,0,1
BRF:1
BRH:1
end_of_record
TN:
SF:src/app/style.css
FNF:0
FNH:0
DA:1,1
LF:1
LH:1
BRF:0
BRH:0
end_of_record
